<?xml version="1.0" encoding="UTF-8"?>
<testng-results ignored="0" total="3" passed="2" failed="1" skipped="0">
  <reporter-output>
  </reporter-output>
  <suite started-at="2021-07-05T07:00:58Z" name="Data Driven Basics" finished-at="2021-07-05T07:01:15Z" duration-ms="17187">
    <groups>
    </groups>
    <test started-at="2021-07-05T07:00:58Z" name="LoginTest" finished-at="2021-07-05T07:01:05Z" duration-ms="6896">
      <class name="com.simplogics.testcases.LoginTest">
        <test-method signature="loginTest(java.util.Hashtable)[pri:1, instance:com.simplogics.testcases.LoginTest@147a5d08]" started-at="2021-07-05T07:00:58Z" name="loginTest" data-provider="dp" finished-at="2021-07-05T07:01:05Z" duration-ms="6727" status="PASS">
          <params>
            <param index="0">
              <value>
                <![CDATA[{password=Power123, email=admin@simplogics.com}]]>
              </value>
            </param>
          </params>
          <reporter-output>
          </reporter-output>
        </test-method> <!-- loginTest -->
      </class> <!-- com.simplogics.testcases.LoginTest -->
    </test> <!-- LoginTest -->
    <test started-at="2021-07-05T07:01:08Z" name="Companymenu" finished-at="2021-07-05T07:01:09Z" duration-ms="784">
      <class name="com.simplogics.testcases.Companymenu">
        <test-method signature="companymenu()[pri:2, instance:com.simplogics.testcases.Companymenu@4f6f416f]" started-at="2021-07-05T07:01:08Z" name="companymenu" finished-at="2021-07-05T07:01:09Z" duration-ms="782" status="PASS">
          <reporter-output>
          </reporter-output>
        </test-method> <!-- companymenu -->
      </class> <!-- com.simplogics.testcases.Companymenu -->
    </test> <!-- Companymenu -->
    <test started-at="2021-07-05T07:01:09Z" name="CreateCompany" finished-at="2021-07-05T07:01:15Z" duration-ms="6018">
      <class name="com.simplogics.testcases.CreateCompany">
        <test-method is-config="true" signature="setup()[pri:0, instance:com.simplogics.testcases.CreateCompany@44c73c26]" started-at="2021-07-05T07:00:06Z" name="setup" finished-at="2021-07-05T07:00:58Z" duration-ms="52244" status="PASS">
          <reporter-output>
          </reporter-output>
        </test-method> <!-- setup -->
        <test-method signature="createCompany(java.util.Hashtable)[pri:3, instance:com.simplogics.testcases.CreateCompany@44c73c26]" started-at="2021-07-05T07:01:09Z" name="createCompany" data-provider="dp" finished-at="2021-07-05T07:01:15Z" duration-ms="5502" status="FAIL">
          <params>
            <param index="0">
              <value>
                <![CDATA[{COMPANYDOMAIN=gmail.com, COMPANYNAME=Simpglobal_Solutio0, COMPANYCODE=SIMGSQ0}]]>
              </value>
            </param>
          </params>
          <exception class="java.lang.AssertionError">
            <message>
              <![CDATA[expected [Company created successfully] but found [Duplicate company name]]]>
            </message>
            <full-stacktrace>
              <![CDATA[java.lang.AssertionError: expected [Company created successfully] but found [Duplicate company name]
at org.testng.Assert.fail(Assert.java:96)
at org.testng.Assert.failNotEquals(Assert.java:776)
at org.testng.Assert.assertEqualsImpl(Assert.java:137)
at org.testng.Assert.assertEquals(Assert.java:118)
at org.testng.Assert.assertEquals(Assert.java:453)
at org.testng.Assert.assertEquals(Assert.java:463)
at com.simplogics.base.TestBase.Asserttoast(TestBase.java:161)
at com.simplogics.testcases.CreateCompany.createCompany(CreateCompany.java:31)
at java.base/jdk.internal.reflect.NativeMethodAccessorImpl.invoke0(Native Method)
at java.base/jdk.internal.reflect.NativeMethodAccessorImpl.invoke(NativeMethodAccessorImpl.java:62)
at java.base/jdk.internal.reflect.DelegatingMethodAccessorImpl.invoke(DelegatingMethodAccessorImpl.java:43)
at java.base/java.lang.reflect.Method.invoke(Method.java:566)
at org.testng.internal.MethodInvocationHelper.invokeMethod(MethodInvocationHelper.java:124)
at org.testng.internal.Invoker.invokeMethod(Invoker.java:583)
at org.testng.internal.Invoker.invokeTestMethod(Invoker.java:719)
at org.testng.internal.Invoker.invokeTestMethods(Invoker.java:989)
at org.testng.internal.TestMethodWorker.invokeTestMethods(TestMethodWorker.java:125)
at org.testng.internal.TestMethodWorker.run(TestMethodWorker.java:109)
at org.testng.TestRunner.privateRun(TestRunner.java:648)
at org.testng.TestRunner.run(TestRunner.java:505)
at org.testng.SuiteRunner.runTest(SuiteRunner.java:455)
at org.testng.SuiteRunner.runSequentially(SuiteRunner.java:450)
at org.testng.SuiteRunner.privateRun(SuiteRunner.java:415)
at org.testng.SuiteRunner.run(SuiteRunner.java:364)
at org.testng.SuiteRunnerWorker.runSuite(SuiteRunnerWorker.java:52)
at org.testng.SuiteRunnerWorker.run(SuiteRunnerWorker.java:84)
at org.testng.TestNG.runSuitesSequentially(TestNG.java:1208)
at org.testng.TestNG.runSuitesLocally(TestNG.java:1137)
at org.testng.TestNG.runSuites(TestNG.java:1049)
at org.testng.TestNG.run(TestNG.java:1017)
at org.apache.maven.surefire.testng.TestNGExecutor.run(TestNGExecutor.java:295)
at org.apache.maven.surefire.testng.TestNGXmlTestSuite.execute(TestNGXmlTestSuite.java:84)
at org.apache.maven.surefire.testng.TestNGProvider.invoke(TestNGProvider.java:90)
at org.apache.maven.surefire.booter.ForkedBooter.invokeProviderInSameClassLoader(ForkedBooter.java:203)
at org.apache.maven.surefire.booter.ForkedBooter.runSuitesInProcess(ForkedBooter.java:155)
at org.apache.maven.surefire.booter.ForkedBooter.main(ForkedBooter.java:103)
]]>
            </full-stacktrace>
          </exception> <!-- java.lang.AssertionError -->
          <reporter-output>
          </reporter-output>
        </test-method> <!-- createCompany -->
        <test-method is-config="true" signature="teardown()[pri:0, instance:com.simplogics.testcases.CreateCompany@44c73c26]" started-at="2021-07-05T07:01:16Z" name="teardown" finished-at="2021-07-05T07:01:16Z" duration-ms="390" status="PASS">
          <reporter-output>
          </reporter-output>
        </test-method> <!-- teardown -->
      </class> <!-- com.simplogics.testcases.CreateCompany -->
    </test> <!-- CreateCompany -->
  </suite> <!-- Data Driven Basics -->
</testng-results>
